        -:    0:Source:D:/Academics/SP2022/Yang_1110/projects/Project2/code/main.cpp
        -:    0:Graph:D:\Academics\SP2022\Yang_1110\projects\Project2\code\cmake-build-debug-mingw-coverage\CMakeFiles\code.dir\main.cpp.gcno
        -:    0:Data:D:\Academics\SP2022\Yang_1110\projects\Project2\code\cmake-build-debug-mingw-coverage\CMakeFiles\code.dir\main.cpp.gcda
        -:    0:Runs:1
        -:    1:#include "Core.h"
        -:    2:
function main called 1 returned 100% blocks executed 60%
        1:    3:int main() {
        2:    4:	Core running_core{"D:/Academics/SP2022/Yang_1110/projects/Project2/code/INSTRUCTION.INS"};
        1:    4-block  0
call    0 returned 1
call    1 returned 1
branch  2 taken 1 (fallthrough)
branch  3 taken 0 (throw)
        1:    4-block  1
call    4 returned 1
branch  5 taken 1 (fallthrough)
branch  6 taken 0 (throw)
call    7 returned 1
    $$$$$:    4-block  2
    $$$$$:    4-block  3
        1:    5:	return 0;
        1:    6:}
call    0 returned 1
